<?xml version="1.0" encoding="UTF-8"?>
<!-- Generated by org.testng.reporters.JUnitReportReporter -->
<testsuite skipped="0" hostname="IN1218476W2" name="qaclickacademy.AppiumTest" tests="1" failures="0" timestamp="2021-04-12T17:00:04 IST" time="0.010" errors="0">
  <testcase name="NativeAppAndroid" time="0.010" classname="qaclickacademy.AppiumTest"/>
  <system-out/>
</testsuite> <!-- qaclickacademy.AppiumTest -->
